[2026-01-29 17:39:56.473] [PID:136680] Process started (mode=0)
[2026-01-29 17:39:56.473] [PID:136680] Became MASTER process
[2026-01-29 17:39:57.481] [PID:136680] Timer 1s: counter = 3
[2026-01-29 17:39:58.485] [PID:136680] Timer 1s: counter = 6
[2026-01-29 17:39:59.490] [PID:136680] Timer 1s: counter = 10
[2026-01-29 17:39:59.490] [PID:136680] Spawned Copy1 with PID 136682
[2026-01-29 17:39:59.491] [PID:136680] Spawned Copy2 with PID 136683
[2026-01-29 17:39:59.492] [PID:136682] Process started (mode=1)
[2026-01-29 17:39:59.492] [PID:136683] Process started (mode=2)
[2026-01-29 17:39:59.492] [PID:136682] Copy1 started
[2026-01-29 17:39:59.492] [PID:136683] Copy2 started
[2026-01-29 17:39:59.592] [PID:136682] Copy1: counter += 10, new value = 20
[2026-01-29 17:39:59.592] [PID:136683] Copy2: counter *= 2, new value = 40
[2026-01-29 17:39:59.592] [PID:136682] Copy1 exiting
[2026-01-29 17:39:59.592] [PID:136682] Process exiting
[2026-01-29 17:40:00.498] [PID:136680] Timer 1s: counter = 43
[2026-01-29 17:40:01.506] [PID:136680] Timer 1s: counter = 46
[2026-01-29 17:40:01.592] [PID:136683] Copy2: counter /= 2, new value = 23
[2026-01-29 17:40:01.592] [PID:136683] Copy2 exiting
[2026-01-29 17:40:01.592] [PID:136683] Process exiting
[2026-01-29 17:40:02.514] [PID:136680] Timer 1s: counter = 27
[2026-01-29 17:40:02.515] [PID:136680] Spawned Copy1 with PID 136684
[2026-01-29 17:40:02.515] [PID:136680] Spawned Copy2 with PID 136685
[2026-01-29 17:40:02.516] [PID:136684] Process started (mode=1)
[2026-01-29 17:40:02.516] [PID:136685] Process started (mode=2)
[2026-01-29 17:40:02.516] [PID:136684] Copy1 started
[2026-01-29 17:40:02.516] [PID:136685] Copy2 started
[2026-01-29 17:40:02.616] [PID:136684] Copy1: counter += 10, new value = 64
[2026-01-29 17:40:02.616] [PID:136685] Copy2: counter *= 2, new value = 54
[2026-01-29 17:40:02.616] [PID:136684] Copy1 exiting
[2026-01-29 17:40:02.616] [PID:136684] Process exiting
[2026-01-29 17:40:03.522] [PID:136680] Timer 1s: counter = 67
[2026-01-29 17:40:04.528] [PID:136680] Timer 1s: counter = 70
[2026-01-29 17:40:04.616] [PID:136685] Copy2: counter /= 2, new value = 35
[2026-01-29 17:40:04.616] [PID:136685] Copy2 exiting
[2026-01-29 17:40:04.616] [PID:136685] Process exiting
[2026-01-29 17:40:05.533] [PID:136680] Timer 1s: counter = 39
[2026-01-29 17:40:05.534] [PID:136680] Spawned Copy1 with PID 136691
[2026-01-29 17:40:05.534] [PID:136680] Spawned Copy2 with PID 136692
[2026-01-29 17:40:05.535] [PID:136691] Process started (mode=1)
[2026-01-29 17:40:05.535] [PID:136692] Process started (mode=2)
[2026-01-29 17:40:05.535] [PID:136691] Copy1 started
[2026-01-29 17:40:05.535] [PID:136692] Copy2 started
[2026-01-29 17:40:05.635] [PID:136691] Copy1: counter += 10, new value = 88
[2026-01-29 17:40:05.635] [PID:136692] Copy2: counter *= 2, new value = 78
[2026-01-29 17:40:05.635] [PID:136691] Copy1 exiting
[2026-01-29 17:40:05.635] [PID:136691] Process exiting
[2026-01-29 17:40:06.541] [PID:136680] Timer 1s: counter = 91
[2026-01-29 17:40:07.546] [PID:136680] Timer 1s: counter = 94
[2026-01-29 17:40:07.635] [PID:136692] Copy2: counter /= 2, new value = 47
[2026-01-29 17:40:07.635] [PID:136692] Copy2 exiting
[2026-01-29 17:40:07.635] [PID:136692] Process exiting
[2026-01-29 17:40:08.553] [PID:136680] Timer 1s: counter = 51
[2026-01-29 17:40:08.553] [PID:136680] Spawned Copy1 with PID 136702
[2026-01-29 17:40:08.554] [PID:136680] Spawned Copy2 with PID 136703
[2026-01-29 17:40:08.554] [PID:136702] Process started (mode=1)
[2026-01-29 17:40:08.554] [PID:136703] Process started (mode=2)
[2026-01-29 17:40:08.554] [PID:136702] Copy1 started
[2026-01-29 17:40:08.554] [PID:136703] Copy2 started
[2026-01-29 17:40:08.655] [PID:136702] Copy1: counter += 10, new value = 61
[2026-01-29 17:40:08.655] [PID:136703] Copy2: counter *= 2, new value = 61
[2026-01-29 17:40:08.655] [PID:136702] Copy1 exiting
[2026-01-29 17:40:08.655] [PID:136702] Process exiting
[2026-01-29 17:40:09.561] [PID:136680] Timer 1s: counter = 64
[2026-01-29 17:40:10.568] [PID:136680] Timer 1s: counter = 67
[2026-01-29 17:40:10.655] [PID:136703] Copy2: counter /= 2, new value = 33
[2026-01-29 17:40:10.655] [PID:136703] Copy2 exiting
[2026-01-29 17:40:10.655] [PID:136703] Process exiting
[2026-01-29 17:40:11.575] [PID:136680] Timer 1s: counter = 37
[2026-01-29 17:40:11.576] [PID:136680] Spawned Copy1 with PID 136705
[2026-01-29 17:40:11.576] [PID:136680] Spawned Copy2 with PID 136706
[2026-01-29 17:40:11.577] [PID:136706] Process started (mode=2)
[2026-01-29 17:40:11.577] [PID:136705] Process started (mode=1)
[2026-01-29 17:40:11.577] [PID:136706] Copy2 started
[2026-01-29 17:40:11.577] [PID:136705] Copy1 started
[2026-01-29 17:40:11.677] [PID:136706] Copy2: counter *= 2, new value = 94
[2026-01-29 17:40:11.677] [PID:136705] Copy1: counter += 10, new value = 94
[2026-01-29 17:40:11.677] [PID:136705] Copy1 exiting
[2026-01-29 17:40:11.677] [PID:136705] Process exiting
[2026-01-29 17:40:12.582] [PID:136680] Timer 1s: counter = 97
[2026-01-29 17:40:13.588] [PID:136680] Timer 1s: counter = 100
[2026-01-29 17:40:13.678] [PID:136706] Copy2: counter /= 2, new value = 50
[2026-01-29 17:40:13.678] [PID:136706] Copy2 exiting
[2026-01-29 17:40:13.678] [PID:136706] Process exiting
[2026-01-29 17:40:14.595] [PID:136680] Timer 1s: counter = 54
[2026-01-29 17:40:14.595] [PID:136680] Spawned Copy1 with PID 136708
[2026-01-29 17:40:14.595] [PID:136680] Spawned Copy2 with PID 136709
[2026-01-29 17:40:14.596] [PID:136708] Process started (mode=1)
[2026-01-29 17:40:14.596] [PID:136709] Process started (mode=2)
[2026-01-29 17:40:14.596] [PID:136708] Copy1 started
[2026-01-29 17:40:14.596] [PID:136709] Copy2 started
[2026-01-29 17:40:14.696] [PID:136709] Copy2: counter *= 2, new value = 108
[2026-01-29 17:40:14.696] [PID:136708] Copy1: counter += 10, new value = 118
[2026-01-29 17:40:14.696] [PID:136708] Copy1 exiting
[2026-01-29 17:40:14.696] [PID:136708] Process exiting
[2026-01-29 17:40:15.601] [PID:136680] Timer 1s: counter = 121
[2026-01-29 17:40:16.606] [PID:136680] Timer 1s: counter = 124
[2026-01-29 17:40:16.697] [PID:136709] Copy2: counter /= 2, new value = 62
[2026-01-29 17:40:16.697] [PID:136709] Copy2 exiting
[2026-01-29 17:40:16.697] [PID:136709] Process exiting
[2026-01-29 17:40:17.611] [PID:136680] Timer 1s: counter = 66
[2026-01-29 17:40:17.612] [PID:136680] Spawned Copy1 with PID 136727
[2026-01-29 17:40:17.612] [PID:136680] Spawned Copy2 with PID 136728
[2026-01-29 17:40:17.613] [PID:136727] Process started (mode=1)
[2026-01-29 17:40:17.613] [PID:136728] Process started (mode=2)
[2026-01-29 17:40:17.613] [PID:136727] Copy1 started
[2026-01-29 17:40:17.613] [PID:136728] Copy2 started
[2026-01-29 17:40:17.713] [PID:136727] Copy1: counter += 10, new value = 142
[2026-01-29 17:40:17.713] [PID:136728] Copy2: counter *= 2, new value = 132
[2026-01-29 17:40:17.713] [PID:136727] Copy1 exiting
[2026-01-29 17:40:17.713] [PID:136727] Process exiting
[2026-01-29 17:40:18.619] [PID:136680] Timer 1s: counter = 145
[2026-01-29 17:40:19.625] [PID:136680] Timer 1s: counter = 148
[2026-01-29 17:40:19.714] [PID:136728] Copy2: counter /= 2, new value = 74
[2026-01-29 17:40:19.714] [PID:136728] Copy2 exiting
[2026-01-29 17:40:19.714] [PID:136728] Process exiting
[2026-01-29 17:40:20.480] [PID:136680] User set counter to 0
[2026-01-29 17:40:20.631] [PID:136680] Timer 1s: counter = 1
[2026-01-29 17:40:20.631] [PID:136680] Spawned Copy1 with PID 136730
[2026-01-29 17:40:20.632] [PID:136680] Spawned Copy2 with PID 136731
[2026-01-29 17:40:20.632] [PID:136730] Process started (mode=1)
[2026-01-29 17:40:20.632] [PID:136730] Copy1 started
[2026-01-29 17:40:20.632] [PID:136731] Process started (mode=2)
[2026-01-29 17:40:20.632] [PID:136731] Copy2 started
[2026-01-29 17:40:20.732] [PID:136730] Copy1: counter += 10, new value = 11
[2026-01-29 17:40:20.732] [PID:136731] Copy2: counter *= 2, new value = 22
[2026-01-29 17:40:20.732] [PID:136730] Copy1 exiting
[2026-01-29 17:40:20.732] [PID:136730] Process exiting
[2026-01-29 17:40:21.636] [PID:136680] Timer 1s: counter = 25
[2026-01-29 17:40:22.643] [PID:136680] Timer 1s: counter = 28
[2026-01-29 17:40:22.733] [PID:136731] Copy2: counter /= 2, new value = 14
[2026-01-29 17:40:22.733] [PID:136731] Copy2 exiting
[2026-01-29 17:40:22.733] [PID:136731] Process exiting
[2026-01-29 17:40:23.650] [PID:136680] Timer 1s: counter = 18
[2026-01-29 17:40:23.651] [PID:136680] Spawned Copy1 with PID 136732
[2026-01-29 17:40:23.651] [PID:136680] Spawned Copy2 with PID 136733
[2026-01-29 17:40:23.652] [PID:136732] Process started (mode=1)
[2026-01-29 17:40:23.652] [PID:136733] Process started (mode=2)
[2026-01-29 17:40:23.652] [PID:136732] Copy1 started
[2026-01-29 17:40:23.652] [PID:136733] Copy2 started
[2026-01-29 17:40:23.753] [PID:136732] Copy1: counter += 10, new value = 46
[2026-01-29 17:40:23.753] [PID:136733] Copy2: counter *= 2, new value = 46
[2026-01-29 17:40:23.753] [PID:136732] Copy1 exiting
[2026-01-29 17:40:23.753] [PID:136732] Process exiting
[2026-01-29 17:40:24.659] [PID:136680] Timer 1s: counter = 49
[2026-01-29 17:40:25.667] [PID:136680] Timer 1s: counter = 52
[2026-01-29 17:40:25.753] [PID:136733] Copy2: counter /= 2, new value = 26
[2026-01-29 17:40:25.753] [PID:136733] Copy2 exiting
[2026-01-29 17:40:25.753] [PID:136733] Process exiting
[2026-01-29 17:40:26.674] [PID:136680] Timer 1s: counter = 30
[2026-01-29 17:40:26.674] [PID:136680] Spawned Copy1 with PID 136735
[2026-01-29 17:40:26.679] [PID:136735] Process started (mode=1)
[2026-01-29 17:40:26.679] [PID:136735] Copy1 started
[2026-01-29 17:40:26.679] [PID:136680] Spawned Copy2 with PID 136736
[2026-01-29 17:40:26.681] [PID:136736] Process started (mode=2)
[2026-01-29 17:40:26.681] [PID:136736] Copy2 started
[2026-01-29 17:40:26.780] [PID:136735] Copy1: counter += 10, new value = 40
[2026-01-29 17:40:26.780] [PID:136735] Copy1 exiting
[2026-01-29 17:40:26.780] [PID:136735] Process exiting
[2026-01-29 17:40:26.781] [PID:136736] Copy2: counter *= 2, new value = 80
[2026-01-29 17:40:27.687] [PID:136680] Timer 1s: counter = 83
[2026-01-29 17:40:28.694] [PID:136680] Timer 1s: counter = 86
[2026-01-29 17:40:28.781] [PID:136736] Copy2: counter /= 2, new value = 43
[2026-01-29 17:40:28.781] [PID:136736] Copy2 exiting
[2026-01-29 17:40:28.781] [PID:136736] Process exiting
[2026-01-29 17:40:29.702] [PID:136680] Timer 1s: counter = 47
[2026-01-29 17:40:29.703] [PID:136680] Spawned Copy1 with PID 136738
[2026-01-29 17:40:29.703] [PID:136680] Spawned Copy2 with PID 136739
[2026-01-29 17:40:29.704] [PID:136738] Process started (mode=1)
[2026-01-29 17:40:29.704] [PID:136739] Process started (mode=2)
[2026-01-29 17:40:29.704] [PID:136738] Copy1 started
[2026-01-29 17:40:29.704] [PID:136739] Copy2 started
[2026-01-29 17:40:29.804] [PID:136738] Copy1: counter += 10, new value = 57
[2026-01-29 17:40:29.804] [PID:136739] Copy2: counter *= 2, new value = 114
[2026-01-29 17:40:29.804] [PID:136738] Copy1 exiting
[2026-01-29 17:40:29.804] [PID:136738] Process exiting
[2026-01-29 17:40:30.710] [PID:136680] Timer 1s: counter = 117
[2026-01-29 17:40:31.716] [PID:136680] Timer 1s: counter = 120
[2026-01-29 17:40:31.804] [PID:136739] Copy2: counter /= 2, new value = 60
[2026-01-29 17:40:31.804] [PID:136739] Copy2 exiting
[2026-01-29 17:40:31.804] [PID:136739] Process exiting
[2026-01-29 17:40:32.722] [PID:136680] Timer 1s: counter = 64
[2026-01-29 17:40:32.722] [PID:136680] Spawned Copy1 with PID 136740
[2026-01-29 17:40:32.723] [PID:136680] Spawned Copy2 with PID 136741
[2026-01-29 17:40:32.723] [PID:136741] Process started (mode=2)
[2026-01-29 17:40:32.723] [PID:136740] Process started (mode=1)
[2026-01-29 17:40:32.723] [PID:136741] Copy2 started
[2026-01-29 17:40:32.723] [PID:136740] Copy1 started
[2026-01-29 17:40:32.824] [PID:136741] Copy2: counter *= 2, new value = 148
[2026-01-29 17:40:32.824] [PID:136740] Copy1: counter += 10, new value = 74
[2026-01-29 17:40:32.824] [PID:136740] Copy1 exiting
[2026-01-29 17:40:32.824] [PID:136740] Process exiting
[2026-01-29 17:55:11.758] [PID:138042] Process started (mode=0)
[2026-01-29 17:55:11.758] [PID:138042] Running as SLAVE process (master=136680)
[2026-01-29 17:55:23.634] [PID:138042] User set counter to 9
[2026-01-29 17:55:29.218] [PID:138042] Process exiting
[2026-01-29 18:13:48.638] [PID:139687] Process started (mode=0)
[2026-01-29 18:13:48.638] [PID:139687] Running as SLAVE process (master=136680)
[2026-01-29 18:14:01.718] [PID:139687] Process exiting
[2026-01-29 18:19:50.047] [PID:140177] Процесс запущен (mode=0)
[2026-01-29 18:19:50.047] [PID:140177] Запущен как SLAVE процесс (master=136680)
[2026-01-29 18:20:03.888] [PID:140177] Пользователь установил counter = 0
[2026-01-29 18:20:08.118] [PID:140177] Пользователь установил counter = -1
[2026-01-29 18:20:10.183] [PID:140177] Процесс завершает работу
[2026-01-29 18:30:15.220] [PID:141090] Процесс запущен (mode=0)
[2026-01-29 18:30:15.220] [PID:141090] Запущен как SLAVE процесс (master=136680)
[2026-01-29 18:30:45.207] [PID:141090] Процесс завершает работу
[2026-01-29 18:31:16.170] [PID:141180] Процесс запущен (mode=0)
[2026-01-29 18:31:16.170] [PID:141180] Запущен как SLAVE процесс (master=136680)
[2026-01-29 18:32:03.847] [PID:141180] Пользователь установил counter = 0
[2026-01-29 18:32:21.872] [PID:141180] Процесс завершает работу
